Arguments: 
  /usr/local/Cellar/node/10.11.0/bin/node /usr/local/bin/yarn init

PATH: 
  /Users/avinash/anaconda/bin:/usr/local/bin:/usr/bin:/bin:/usr/sbin:/sbin:/Users/avinash/anaconda/bin:/Users/avinash/Library/Android/sdk/tools:/Users/avinash/Library/Android/sdk/platform-tools:/Users/avinash/Library/Android/sdk/tools:/Users/avinash/Library/Android/sdk/platform-tools

Yarn version: 
  1.10.1

Node version: 
  10.11.0

Platform: 
  darwin x64

Trace: 
  Error: canceled
      at Interface.<anonymous> (/usr/local/lib/node_modules/yarn/lib/cli.js:116426:13)
      at Interface.emit (events.js:182:13)
      at Interface._ttyWrite (readline.js:783:16)
      at ReadStream.onkeypress (readline.js:168:10)
      at ReadStream.emit (events.js:182:13)
      at emitKeys (internal/readline.js:424:14)
      at emitKeys.next (<anonymous>)
      at ReadStream.onData (readline.js:1022:36)
      at ReadStream.emit (events.js:182:13)
      at addChunk (_stream_readable.js:283:12)

npm manifest: 
  {
    "name": "extension-name",
    "version": "0.1.0",
    "description": "Description",
    "main": "src/js/main.js",
    "scripts": {
      "build": "parcel build src/js/main.js -d src/build/ -o main.js",
      "watch": "parcel watch src/js/main.js -d src/build/ -o main.js"
    },
    "author": "Atakan Goktepe",
    "dependencies": {
      "babel-preset-env": "^1.6.1",
      "babel-preset-react": "^6.24.1",
      "parcel-bundler": "^1.6.2",
      "react": "^16.2.0",
      "react-dom": "^16.2.0"
    }
  }

yarn manifest: 
  No manifest

Lockfile: 
  No lockfile
